app/build/intermediates/manifest_merge_blame_file/debug/processDebugMainManifest/manifest-merger-blame-debug-report.txt
1<?xml version="1.0" encoding="utf-8"?>
2<manifest xmlns:android="http://schemas.android.com/apk/res/android"
3    package="com.mobdeve.s15.esquillo.faith.mobdeve_mco3_new"
4    android:versionCode="1"
5    android:versionName="1.0" >
6
7    <uses-sdk
8        android:minSdkVersion="26"
9        android:targetSdkVersion="35" />
10
11    <uses-permission android:name="android.permission.CAMERA" />
11-->src\main\AndroidManifest.xml:2:5-65
11-->src\main\AndroidManifest.xml:2:22-62
12    <uses-permission android:name="android.permission.POST_NOTIFICATIONS" />
12-->src\main\AndroidManifest.xml:3:5-77
12-->src\main\AndroidManifest.xml:3:22-74
13    <uses-permission android:name="android.permission.WAKE_LOCK" />
13-->[androidx.work:work-runtime:2.9.1] AndroidManifest.xml:23:5-68
13-->[androidx.work:work-runtime:2.9.1] AndroidManifest.xml:23:22-65
14    <uses-permission android:name="android.permission.ACCESS_NETWORK_STATE" />
14-->[androidx.work:work-runtime:2.9.1] AndroidManifest.xml:24:5-79
14-->[androidx.work:work-runtime:2.9.1] AndroidManifest.xml:24:22-76
15    <uses-permission android:name="android.permission.RECEIVE_BOOT_COMPLETED" />
15-->[androidx.work:work-runtime:2.9.1] AndroidManifest.xml:25:5-81
15-->[androidx.work:work-runtime:2.9.1] AndroidManifest.xml:25:22-78
16    <uses-permission android:name="android.permission.FOREGROUND_SERVICE" />
16-->[androidx.work:work-runtime:2.9.1] AndroidManifest.xml:26:5-77
16-->[androidx.work:work-runtime:2.9.1] AndroidManifest.xml:26:22-74
17    <uses-permission android:name="android.permission.INTERNET" />
17-->[com.google.firebase:firebase-auth:23.0.0] AndroidManifest.xml:25:5-67
17-->[com.google.firebase:firebase-auth:23.0.0] AndroidManifest.xml:25:22-64
18    <uses-permission android:name="com.google.android.providers.gsf.permission.READ_GSERVICES" />
18-->[com.google.android.recaptcha:recaptcha:18.4.0] AndroidManifest.xml:9:5-98
18-->[com.google.android.recaptcha:recaptcha:18.4.0] AndroidManifest.xml:9:22-95
19
20    <permission
20-->[androidx.core:core:1.13.0] AndroidManifest.xml:22:5-24:47
21        android:name="com.mobdeve.s15.esquillo.faith.mobdeve_mco3_new.DYNAMIC_RECEIVER_NOT_EXPORTED_PERMISSION"
21-->[androidx.core:core:1.13.0] AndroidManifest.xml:23:9-81
22        android:protectionLevel="signature" />
22-->[androidx.core:core:1.13.0] AndroidManifest.xml:24:9-44
23
24    <uses-permission android:name="com.mobdeve.s15.esquillo.faith.mobdeve_mco3_new.DYNAMIC_RECEIVER_NOT_EXPORTED_PERMISSION" />
24-->[androidx.core:core:1.13.0] AndroidManifest.xml:26:5-97
24-->[androidx.core:core:1.13.0] AndroidManifest.xml:26:22-94
25
26    <application
26-->src\main\AndroidManifest.xml:4:5-26:19
27        android:allowBackup="true"
27-->src\main\AndroidManifest.xml:5:9-35
28        android:appComponentFactory="androidx.core.app.CoreComponentFactory"
28-->[androidx.core:core:1.13.0] AndroidManifest.xml:28:18-86
29        android:debuggable="true"
30        android:extractNativeLibs="false"
31        android:icon="@mipmap/ic_launcher"
31-->src\main\AndroidManifest.xml:6:9-43
32        android:label="SteadyMe"
32-->src\main\AndroidManifest.xml:9:9-33
33        android:roundIcon="@mipmap/ic_launcher_round"
33-->src\main\AndroidManifest.xml:7:9-54
34        android:testOnly="true"
35        android:theme="@style/Theme.SteadyMe" >
35-->src\main\AndroidManifest.xml:8:9-46
36        <activity
36-->src\main\AndroidManifest.xml:10:9-17:20
37            android:name="com.steadyme.app.SplashActivity"
37-->src\main\AndroidManifest.xml:11:13-43
38            android:exported="true" >
38-->src\main\AndroidManifest.xml:12:13-36
39            <intent-filter>
39-->src\main\AndroidManifest.xml:13:13-16:29
40                <action android:name="android.intent.action.MAIN" />
40-->src\main\AndroidManifest.xml:14:17-69
40-->src\main\AndroidManifest.xml:14:25-66
41
42                <category android:name="android.intent.category.LAUNCHER" />
42-->src\main\AndroidManifest.xml:15:17-77
42-->src\main\AndroidManifest.xml:15:27-74
43            </intent-filter>
44        </activity>
45        <activity android:name="com.steadyme.app.CameraLogActivity" />
45-->src\main\AndroidManifest.xml:18:9-55
45-->src\main\AndroidManifest.xml:18:19-52
46        <activity android:name="com.steadyme.app.MoodIntensityActivity" />
46-->src\main\AndroidManifest.xml:19:9-59
46-->src\main\AndroidManifest.xml:19:19-56
47        <activity android:name="com.steadyme.app.ReasonsActivity" />
47-->src\main\AndroidManifest.xml:20:9-53
47-->src\main\AndroidManifest.xml:20:19-50
48        <activity android:name="com.steadyme.app.AddNoteActivity" />
48-->src\main\AndroidManifest.xml:21:9-53
48-->src\main\AndroidManifest.xml:21:19-50
49        <activity android:name="com.steadyme.app.EntrySavedActivity" />
49-->src\main\AndroidManifest.xml:22:9-56
49-->src\main\AndroidManifest.xml:22:19-53
50        <activity android:name="com.steadyme.app.MainActivity" />
50-->src\main\AndroidManifest.xml:23:9-50
50-->src\main\AndroidManifest.xml:23:19-47
51        <activity android:name="com.steadyme.app.SignupActivity" />
51-->src\main\AndroidManifest.xml:24:9-52
51-->src\main\AndroidManifest.xml:24:19-49
52        <activity android:name="com.steadyme.app.LoginActivity" />
52-->src\main\AndroidManifest.xml:25:9-51
52-->src\main\AndroidManifest.xml:25:19-48
53
54        <service
54-->[androidx.camera:camera-camera2:1.3.4] AndroidManifest.xml:24:9-33:19
55            android:name="androidx.camera.core.impl.MetadataHolderService"
55-->[androidx.camera:camera-camera2:1.3.4] AndroidManifest.xml:25:13-75
56            android:enabled="false"
56-->[androidx.camera:camera-camera2:1.3.4] AndroidManifest.xml:26:13-36
57            android:exported="false" >
57-->[androidx.camera:camera-camera2:1.3.4] AndroidManifest.xml:27:13-37
58            <meta-data
58-->[androidx.camera:camera-camera2:1.3.4] AndroidManifest.xml:30:13-32:89
59                android:name="androidx.camera.core.impl.MetadataHolderService.DEFAULT_CONFIG_PROVIDER"
59-->[androidx.camera:camera-camera2:1.3.4] AndroidManifest.xml:31:17-103
60                android:value="androidx.camera.camera2.Camera2Config$DefaultProvider" />
60-->[androidx.camera:camera-camera2:1.3.4] AndroidManifest.xml:32:17-86
61        </service>
62        <service
62-->[com.google.android.gms:play-services-mlkit-face-detection:17.1.0] AndroidManifest.xml:9:9-15:19
63            android:name="com.google.mlkit.common.internal.MlKitComponentDiscoveryService"
63-->[com.google.android.gms:play-services-mlkit-face-detection:17.1.0] AndroidManifest.xml:10:13-91
64            android:directBootAware="true"
64-->[com.google.mlkit:common:18.11.0] AndroidManifest.xml:17:13-43
65            android:exported="false" >
65-->[com.google.android.gms:play-services-mlkit-face-detection:17.1.0] AndroidManifest.xml:11:13-37
66            <meta-data
66-->[com.google.android.gms:play-services-mlkit-face-detection:17.1.0] AndroidManifest.xml:12:13-14:85
67                android:name="com.google.firebase.components:com.google.mlkit.vision.face.internal.FaceRegistrar"
67-->[com.google.android.gms:play-services-mlkit-face-detection:17.1.0] AndroidManifest.xml:13:17-114
68                android:value="com.google.firebase.components.ComponentRegistrar" />
68-->[com.google.android.gms:play-services-mlkit-face-detection:17.1.0] AndroidManifest.xml:14:17-82
69            <meta-data
69-->[com.google.mlkit:vision-common:17.2.0] AndroidManifest.xml:12:13-14:85
70                android:name="com.google.firebase.components:com.google.mlkit.vision.common.internal.VisionCommonRegistrar"
70-->[com.google.mlkit:vision-common:17.2.0] AndroidManifest.xml:13:17-124
71                android:value="com.google.firebase.components.ComponentRegistrar" />
71-->[com.google.mlkit:vision-common:17.2.0] AndroidManifest.xml:14:17-82
72            <meta-data
72-->[com.google.mlkit:common:18.11.0] AndroidManifest.xml:20:13-22:85
73                android:name="com.google.firebase.components:com.google.mlkit.common.internal.CommonComponentRegistrar"
73-->[com.google.mlkit:common:18.11.0] AndroidManifest.xml:21:17-120
74                android:value="com.google.firebase.components.ComponentRegistrar" />
74-->[com.google.mlkit:common:18.11.0] AndroidManifest.xml:22:17-82
75        </service>
76
77        <provider
77-->[com.google.mlkit:common:18.11.0] AndroidManifest.xml:9:9-13:38
78            android:name="com.google.mlkit.common.internal.MlKitInitProvider"
78-->[com.google.mlkit:common:18.11.0] AndroidManifest.xml:10:13-78
79            android:authorities="com.mobdeve.s15.esquillo.faith.mobdeve_mco3_new.mlkitinitprovider"
79-->[com.google.mlkit:common:18.11.0] AndroidManifest.xml:11:13-69
80            android:exported="false"
80-->[com.google.mlkit:common:18.11.0] AndroidManifest.xml:12:13-37
81            android:initOrder="99" />
81-->[com.google.mlkit:common:18.11.0] AndroidManifest.xml:13:13-35
82        <provider
82-->[androidx.work:work-runtime:2.9.1] AndroidManifest.xml:29:9-37:20
83            android:name="androidx.startup.InitializationProvider"
83-->[androidx.work:work-runtime:2.9.1] AndroidManifest.xml:30:13-67
84            android:authorities="com.mobdeve.s15.esquillo.faith.mobdeve_mco3_new.androidx-startup"
84-->[androidx.work:work-runtime:2.9.1] AndroidManifest.xml:31:13-68
85            android:exported="false" >
85-->[androidx.work:work-runtime:2.9.1] AndroidManifest.xml:32:13-37
86            <meta-data
86-->[androidx.work:work-runtime:2.9.1] AndroidManifest.xml:34:13-36:52
87                android:name="androidx.work.WorkManagerInitializer"
87-->[androidx.work:work-runtime:2.9.1] AndroidManifest.xml:35:17-68
88                android:value="androidx.startup" />
88-->[androidx.work:work-runtime:2.9.1] AndroidManifest.xml:36:17-49
89            <meta-data
89-->[androidx.emoji2:emoji2:1.3.0] AndroidManifest.xml:29:13-31:52
90                android:name="androidx.emoji2.text.EmojiCompatInitializer"
90-->[androidx.emoji2:emoji2:1.3.0] AndroidManifest.xml:30:17-75
91                android:value="androidx.startup" />
91-->[androidx.emoji2:emoji2:1.3.0] AndroidManifest.xml:31:17-49
92            <meta-data
92-->[androidx.lifecycle:lifecycle-process:2.8.6] AndroidManifest.xml:29:13-31:52
93                android:name="androidx.lifecycle.ProcessLifecycleInitializer"
93-->[androidx.lifecycle:lifecycle-process:2.8.6] AndroidManifest.xml:30:17-78
94                android:value="androidx.startup" />
94-->[androidx.lifecycle:lifecycle-process:2.8.6] AndroidManifest.xml:31:17-49
95            <meta-data
95-->[androidx.profileinstaller:profileinstaller:1.4.0] AndroidManifest.xml:29:13-31:52
96                android:name="androidx.profileinstaller.ProfileInstallerInitializer"
96-->[androidx.profileinstaller:profileinstaller:1.4.0] AndroidManifest.xml:30:17-85
97                android:value="androidx.startup" />
97-->[androidx.profileinstaller:profileinstaller:1.4.0] AndroidManifest.xml:31:17-49
98        </provider>
99
100        <service
100-->[androidx.work:work-runtime:2.9.1] AndroidManifest.xml:39:9-45:35
101            android:name="androidx.work.impl.background.systemalarm.SystemAlarmService"
101-->[androidx.work:work-runtime:2.9.1] AndroidManifest.xml:40:13-88
102            android:directBootAware="false"
102-->[androidx.work:work-runtime:2.9.1] AndroidManifest.xml:41:13-44
103            android:enabled="@bool/enable_system_alarm_service_default"
103-->[androidx.work:work-runtime:2.9.1] AndroidManifest.xml:42:13-72
104            android:exported="false" />
104-->[androidx.work:work-runtime:2.9.1] AndroidManifest.xml:43:13-37
105        <service
105-->[androidx.work:work-runtime:2.9.1] AndroidManifest.xml:46:9-52:35
106            android:name="androidx.work.impl.background.systemjob.SystemJobService"
106-->[androidx.work:work-runtime:2.9.1] AndroidManifest.xml:47:13-84
107            android:directBootAware="false"
107-->[androidx.work:work-runtime:2.9.1] AndroidManifest.xml:48:13-44
108            android:enabled="@bool/enable_system_job_service_default"
108-->[androidx.work:work-runtime:2.9.1] AndroidManifest.xml:49:13-70
109            android:exported="true"
109-->[androidx.work:work-runtime:2.9.1] AndroidManifest.xml:50:13-36
110            android:permission="android.permission.BIND_JOB_SERVICE" />
110-->[androidx.work:work-runtime:2.9.1] AndroidManifest.xml:51:13-69
111        <service
111-->[androidx.work:work-runtime:2.9.1] AndroidManifest.xml:53:9-59:35
112            android:name="androidx.work.impl.foreground.SystemForegroundService"
112-->[androidx.work:work-runtime:2.9.1] AndroidManifest.xml:54:13-81
113            android:directBootAware="false"
113-->[androidx.work:work-runtime:2.9.1] AndroidManifest.xml:55:13-44
114            android:enabled="@bool/enable_system_foreground_service_default"
114-->[androidx.work:work-runtime:2.9.1] AndroidManifest.xml:56:13-77
115            android:exported="false" />
115-->[androidx.work:work-runtime:2.9.1] AndroidManifest.xml:57:13-37
116
117        <receiver
117-->[androidx.work:work-runtime:2.9.1] AndroidManifest.xml:61:9-66:35
118            android:name="androidx.work.impl.utils.ForceStopRunnable$BroadcastReceiver"
118-->[androidx.work:work-runtime:2.9.1] AndroidManifest.xml:62:13-88
119            android:directBootAware="false"
119-->[androidx.work:work-runtime:2.9.1] AndroidManifest.xml:63:13-44
120            android:enabled="true"
120-->[androidx.work:work-runtime:2.9.1] AndroidManifest.xml:64:13-35
121            android:exported="false" />
121-->[androidx.work:work-runtime:2.9.1] AndroidManifest.xml:65:13-37
122        <receiver
122-->[androidx.work:work-runtime:2.9.1] AndroidManifest.xml:67:9-77:20
123            android:name="androidx.work.impl.background.systemalarm.ConstraintProxy$BatteryChargingProxy"
123-->[androidx.work:work-runtime:2.9.1] AndroidManifest.xml:68:13-106
124            android:directBootAware="false"
124-->[androidx.work:work-runtime:2.9.1] AndroidManifest.xml:69:13-44
125            android:enabled="false"
125-->[androidx.work:work-runtime:2.9.1] AndroidManifest.xml:70:13-36
126            android:exported="false" >
126-->[androidx.work:work-runtime:2.9.1] AndroidManifest.xml:71:13-37
127            <intent-filter>
127-->[androidx.work:work-runtime:2.9.1] AndroidManifest.xml:73:13-76:29
128                <action android:name="android.intent.action.ACTION_POWER_CONNECTED" />
128-->[androidx.work:work-runtime:2.9.1] AndroidManifest.xml:74:17-87
128-->[androidx.work:work-runtime:2.9.1] AndroidManifest.xml:74:25-84
129                <action android:name="android.intent.action.ACTION_POWER_DISCONNECTED" />
129-->[androidx.work:work-runtime:2.9.1] AndroidManifest.xml:75:17-90
129-->[androidx.work:work-runtime:2.9.1] AndroidManifest.xml:75:25-87
130            </intent-filter>
131        </receiver>
132        <receiver
132-->[androidx.work:work-runtime:2.9.1] AndroidManifest.xml:78:9-88:20
133            android:name="androidx.work.impl.background.systemalarm.ConstraintProxy$BatteryNotLowProxy"
133-->[androidx.work:work-runtime:2.9.1] AndroidManifest.xml:79:13-104
134            android:directBootAware="false"
134-->[androidx.work:work-runtime:2.9.1] AndroidManifest.xml:80:13-44
135            android:enabled="false"
135-->[androidx.work:work-runtime:2.9.1] AndroidManifest.xml:81:13-36
136            android:exported="false" >
136-->[androidx.work:work-runtime:2.9.1] AndroidManifest.xml:82:13-37
137            <intent-filter>
137-->[androidx.work:work-runtime:2.9.1] AndroidManifest.xml:84:13-87:29
138                <action android:name="android.intent.action.BATTERY_OKAY" />
138-->[androidx.work:work-runtime:2.9.1] AndroidManifest.xml:85:17-77
138-->[androidx.work:work-runtime:2.9.1] AndroidManifest.xml:85:25-74
139                <action android:name="android.intent.action.BATTERY_LOW" />
139-->[androidx.work:work-runtime:2.9.1] AndroidManifest.xml:86:17-76
139-->[androidx.work:work-runtime:2.9.1] AndroidManifest.xml:86:25-73
140            </intent-filter>
141        </receiver>
142        <receiver
142-->[androidx.work:work-runtime:2.9.1] AndroidManifest.xml:89:9-99:20
143            android:name="androidx.work.impl.background.systemalarm.ConstraintProxy$StorageNotLowProxy"
143-->[androidx.work:work-runtime:2.9.1] AndroidManifest.xml:90:13-104
144            android:directBootAware="false"
144-->[androidx.work:work-runtime:2.9.1] AndroidManifest.xml:91:13-44
145            android:enabled="false"
145-->[androidx.work:work-runtime:2.9.1] AndroidManifest.xml:92:13-36
146            android:exported="false" >
146-->[androidx.work:work-runtime:2.9.1] AndroidManifest.xml:93:13-37
147            <intent-filter>
147-->[androidx.work:work-runtime:2.9.1] AndroidManifest.xml:95:13-98:29
148                <action android:name="android.intent.action.DEVICE_STORAGE_LOW" />
148-->[androidx.work:work-runtime:2.9.1] AndroidManifest.xml:96:17-83
148-->[androidx.work:work-runtime:2.9.1] AndroidManifest.xml:96:25-80
149                <action android:name="android.intent.action.DEVICE_STORAGE_OK" />
149-->[androidx.work:work-runtime:2.9.1] AndroidManifest.xml:97:17-82
149-->[androidx.work:work-runtime:2.9.1] AndroidManifest.xml:97:25-79
150            </intent-filter>
151        </receiver>
152        <receiver
152-->[androidx.work:work-runtime:2.9.1] AndroidManifest.xml:100:9-109:20
153            android:name="androidx.work.impl.background.systemalarm.ConstraintProxy$NetworkStateProxy"
153-->[androidx.work:work-runtime:2.9.1] AndroidManifest.xml:101:13-103
154            android:directBootAware="false"
154-->[androidx.work:work-runtime:2.9.1] AndroidManifest.xml:102:13-44
155            android:enabled="false"
155-->[androidx.work:work-runtime:2.9.1] AndroidManifest.xml:103:13-36
156            android:exported="false" >
156-->[androidx.work:work-runtime:2.9.1] AndroidManifest.xml:104:13-37
157            <intent-filter>
157-->[androidx.work:work-runtime:2.9.1] AndroidManifest.xml:106:13-108:29
158                <action android:name="android.net.conn.CONNECTIVITY_CHANGE" />
158-->[androidx.work:work-runtime:2.9.1] AndroidManifest.xml:107:17-79
158-->[androidx.work:work-runtime:2.9.1] AndroidManifest.xml:107:25-76
159            </intent-filter>
160        </receiver>
161        <receiver
161-->[androidx.work:work-runtime:2.9.1] AndroidManifest.xml:110:9-121:20
162            android:name="androidx.work.impl.background.systemalarm.RescheduleReceiver"
162-->[androidx.work:work-runtime:2.9.1] AndroidManifest.xml:111:13-88
163            android:directBootAware="false"
163-->[androidx.work:work-runtime:2.9.1] AndroidManifest.xml:112:13-44
164            android:enabled="false"
164-->[androidx.work:work-runtime:2.9.1] AndroidManifest.xml:113:13-36
165            android:exported="false" >
165-->[androidx.work:work-runtime:2.9.1] AndroidManifest.xml:114:13-37
166            <intent-filter>
166-->[androidx.work:work-runtime:2.9.1] AndroidManifest.xml:116:13-120:29
167                <action android:name="android.intent.action.BOOT_COMPLETED" />
167-->[androidx.work:work-runtime:2.9.1] AndroidManifest.xml:117:17-79
167-->[androidx.work:work-runtime:2.9.1] AndroidManifest.xml:117:25-76
168                <action android:name="android.intent.action.TIME_SET" />
168-->[androidx.work:work-runtime:2.9.1] AndroidManifest.xml:118:17-73
168-->[androidx.work:work-runtime:2.9.1] AndroidManifest.xml:118:25-70
169                <action android:name="android.intent.action.TIMEZONE_CHANGED" />
169-->[androidx.work:work-runtime:2.9.1] AndroidManifest.xml:119:17-81
169-->[androidx.work:work-runtime:2.9.1] AndroidManifest.xml:119:25-78
170            </intent-filter>
171        </receiver>
172        <receiver
172-->[androidx.work:work-runtime:2.9.1] AndroidManifest.xml:122:9-131:20
173            android:name="androidx.work.impl.background.systemalarm.ConstraintProxyUpdateReceiver"
173-->[androidx.work:work-runtime:2.9.1] AndroidManifest.xml:123:13-99
174            android:directBootAware="false"
174-->[androidx.work:work-runtime:2.9.1] AndroidManifest.xml:124:13-44
175            android:enabled="@bool/enable_system_alarm_service_default"
175-->[androidx.work:work-runtime:2.9.1] AndroidManifest.xml:125:13-72
176            android:exported="false" >
176-->[androidx.work:work-runtime:2.9.1] AndroidManifest.xml:126:13-37
177            <intent-filter>
177-->[androidx.work:work-runtime:2.9.1] AndroidManifest.xml:128:13-130:29
178                <action android:name="androidx.work.impl.background.systemalarm.UpdateProxies" />
178-->[androidx.work:work-runtime:2.9.1] AndroidManifest.xml:129:17-98
178-->[androidx.work:work-runtime:2.9.1] AndroidManifest.xml:129:25-95
179            </intent-filter>
180        </receiver>
181        <receiver
181-->[androidx.work:work-runtime:2.9.1] AndroidManifest.xml:132:9-142:20
182            android:name="androidx.work.impl.diagnostics.DiagnosticsReceiver"
182-->[androidx.work:work-runtime:2.9.1] AndroidManifest.xml:133:13-78
183            android:directBootAware="false"
183-->[androidx.work:work-runtime:2.9.1] AndroidManifest.xml:134:13-44
184            android:enabled="true"
184-->[androidx.work:work-runtime:2.9.1] AndroidManifest.xml:135:13-35
185            android:exported="true"
185-->[androidx.work:work-runtime:2.9.1] AndroidManifest.xml:136:13-36
186            android:permission="android.permission.DUMP" >
186-->[androidx.work:work-runtime:2.9.1] AndroidManifest.xml:137:13-57
187            <intent-filter>
187-->[androidx.work:work-runtime:2.9.1] AndroidManifest.xml:139:13-141:29
188                <action android:name="androidx.work.diagnostics.REQUEST_DIAGNOSTICS" />
188-->[androidx.work:work-runtime:2.9.1] AndroidManifest.xml:140:17-88
188-->[androidx.work:work-runtime:2.9.1] AndroidManifest.xml:140:25-85
189            </intent-filter>
190        </receiver>
191
192        <activity
192-->[com.google.firebase:firebase-auth:23.0.0] AndroidManifest.xml:29:9-46:20
193            android:name="com.google.firebase.auth.internal.GenericIdpActivity"
193-->[com.google.firebase:firebase-auth:23.0.0] AndroidManifest.xml:30:13-80
194            android:excludeFromRecents="true"
194-->[com.google.firebase:firebase-auth:23.0.0] AndroidManifest.xml:31:13-46
195            android:exported="true"
195-->[com.google.firebase:firebase-auth:23.0.0] AndroidManifest.xml:32:13-36
196            android:launchMode="singleTask"
196-->[com.google.firebase:firebase-auth:23.0.0] AndroidManifest.xml:33:13-44
197            android:theme="@android:style/Theme.Translucent.NoTitleBar" >
197-->[com.google.firebase:firebase-auth:23.0.0] AndroidManifest.xml:34:13-72
198            <intent-filter>
198-->[com.google.firebase:firebase-auth:23.0.0] AndroidManifest.xml:35:13-45:29
199                <action android:name="android.intent.action.VIEW" />
199-->[com.google.firebase:firebase-auth:23.0.0] AndroidManifest.xml:36:17-69
199-->[com.google.firebase:firebase-auth:23.0.0] AndroidManifest.xml:36:25-66
200
201                <category android:name="android.intent.category.DEFAULT" />
201-->[com.google.firebase:firebase-auth:23.0.0] AndroidManifest.xml:38:17-76
201-->[com.google.firebase:firebase-auth:23.0.0] AndroidManifest.xml:38:27-73
202                <category android:name="android.intent.category.BROWSABLE" />
202-->[com.google.firebase:firebase-auth:23.0.0] AndroidManifest.xml:39:17-78
202-->[com.google.firebase:firebase-auth:23.0.0] AndroidManifest.xml:39:27-75
203
204                <data
204-->[com.google.firebase:firebase-auth:23.0.0] AndroidManifest.xml:41:17-44:51
205                    android:host="firebase.auth"
205-->[com.google.firebase:firebase-auth:23.0.0] AndroidManifest.xml:42:21-49
206                    android:path="/"
206-->[com.google.firebase:firebase-auth:23.0.0] AndroidManifest.xml:43:21-37
207                    android:scheme="genericidp" />
207-->[com.google.firebase:firebase-auth:23.0.0] AndroidManifest.xml:44:21-48
208            </intent-filter>
209        </activity>
210        <activity
210-->[com.google.firebase:firebase-auth:23.0.0] AndroidManifest.xml:47:9-64:20
211            android:name="com.google.firebase.auth.internal.RecaptchaActivity"
211-->[com.google.firebase:firebase-auth:23.0.0] AndroidManifest.xml:48:13-79
212            android:excludeFromRecents="true"
212-->[com.google.firebase:firebase-auth:23.0.0] AndroidManifest.xml:49:13-46
213            android:exported="true"
213-->[com.google.firebase:firebase-auth:23.0.0] AndroidManifest.xml:50:13-36
214            android:launchMode="singleTask"
214-->[com.google.firebase:firebase-auth:23.0.0] AndroidManifest.xml:51:13-44
215            android:theme="@android:style/Theme.Translucent.NoTitleBar" >
215-->[com.google.firebase:firebase-auth:23.0.0] AndroidManifest.xml:52:13-72
216            <intent-filter>
216-->[com.google.firebase:firebase-auth:23.0.0] AndroidManifest.xml:53:13-63:29
217                <action android:name="android.intent.action.VIEW" />
217-->[com.google.firebase:firebase-auth:23.0.0] AndroidManifest.xml:36:17-69
217-->[com.google.firebase:firebase-auth:23.0.0] AndroidManifest.xml:36:25-66
218
219                <category android:name="android.intent.category.DEFAULT" />
219-->[com.google.firebase:firebase-auth:23.0.0] AndroidManifest.xml:38:17-76
219-->[com.google.firebase:firebase-auth:23.0.0] AndroidManifest.xml:38:27-73
220                <category android:name="android.intent.category.BROWSABLE" />
220-->[com.google.firebase:firebase-auth:23.0.0] AndroidManifest.xml:39:17-78
220-->[com.google.firebase:firebase-auth:23.0.0] AndroidManifest.xml:39:27-75
221
222                <data
222-->[com.google.firebase:firebase-auth:23.0.0] AndroidManifest.xml:41:17-44:51
223                    android:host="firebase.auth"
223-->[com.google.firebase:firebase-auth:23.0.0] AndroidManifest.xml:42:21-49
224                    android:path="/"
224-->[com.google.firebase:firebase-auth:23.0.0] AndroidManifest.xml:43:21-37
225                    android:scheme="recaptcha" />
225-->[com.google.firebase:firebase-auth:23.0.0] AndroidManifest.xml:44:21-48
226            </intent-filter>
227        </activity>
228
229        <service
229-->[com.google.firebase:firebase-auth:23.0.0] AndroidManifest.xml:66:9-72:19
230            android:name="com.google.firebase.components.ComponentDiscoveryService"
230-->[com.google.firebase:firebase-auth:23.0.0] AndroidManifest.xml:67:13-84
231            android:directBootAware="true"
231-->[com.google.firebase:firebase-common:21.0.0] AndroidManifest.xml:32:13-43
232            android:exported="false" >
232-->[com.google.firebase:firebase-auth:23.0.0] AndroidManifest.xml:68:13-37
233            <meta-data
233-->[com.google.firebase:firebase-auth:23.0.0] AndroidManifest.xml:69:13-71:85
234                android:name="com.google.firebase.components:com.google.firebase.auth.FirebaseAuthRegistrar"
234-->[com.google.firebase:firebase-auth:23.0.0] AndroidManifest.xml:70:17-109
235                android:value="com.google.firebase.components.ComponentRegistrar" />
235-->[com.google.firebase:firebase-auth:23.0.0] AndroidManifest.xml:71:17-82
236            <meta-data
236-->[com.google.firebase:firebase-firestore:25.1.0] AndroidManifest.xml:17:13-19:85
237                android:name="com.google.firebase.components:com.google.firebase.firestore.FirebaseFirestoreKtxRegistrar"
237-->[com.google.firebase:firebase-firestore:25.1.0] AndroidManifest.xml:18:17-122
238                android:value="com.google.firebase.components.ComponentRegistrar" />
238-->[com.google.firebase:firebase-firestore:25.1.0] AndroidManifest.xml:19:17-82
239            <meta-data
239-->[com.google.firebase:firebase-firestore:25.1.0] AndroidManifest.xml:20:13-22:85
240                android:name="com.google.firebase.components:com.google.firebase.firestore.FirestoreRegistrar"
240-->[com.google.firebase:firebase-firestore:25.1.0] AndroidManifest.xml:21:17-111
241                android:value="com.google.firebase.components.ComponentRegistrar" />
241-->[com.google.firebase:firebase-firestore:25.1.0] AndroidManifest.xml:22:17-82
242            <meta-data
242-->[com.google.firebase:firebase-common-ktx:21.0.0] AndroidManifest.xml:12:13-14:85
243                android:name="com.google.firebase.components:com.google.firebase.ktx.FirebaseCommonLegacyRegistrar"
243-->[com.google.firebase:firebase-common-ktx:21.0.0] AndroidManifest.xml:13:17-116
244                android:value="com.google.firebase.components.ComponentRegistrar" />
244-->[com.google.firebase:firebase-common-ktx:21.0.0] AndroidManifest.xml:14:17-82
245            <meta-data
245-->[com.google.firebase:firebase-common:21.0.0] AndroidManifest.xml:35:13-37:85
246                android:name="com.google.firebase.components:com.google.firebase.FirebaseCommonKtxRegistrar"
246-->[com.google.firebase:firebase-common:21.0.0] AndroidManifest.xml:36:17-109
247                android:value="com.google.firebase.components.ComponentRegistrar" />
247-->[com.google.firebase:firebase-common:21.0.0] AndroidManifest.xml:37:17-82
248        </service>
249        <service
249-->[androidx.credentials:credentials-play-services-auth:1.2.0-rc01] AndroidManifest.xml:24:9-32:19
250            android:name="androidx.credentials.playservices.CredentialProviderMetadataHolder"
250-->[androidx.credentials:credentials-play-services-auth:1.2.0-rc01] AndroidManifest.xml:25:13-94
251            android:enabled="true"
251-->[androidx.credentials:credentials-play-services-auth:1.2.0-rc01] AndroidManifest.xml:26:13-35
252            android:exported="false" >
252-->[androidx.credentials:credentials-play-services-auth:1.2.0-rc01] AndroidManifest.xml:27:13-37
253            <meta-data
253-->[androidx.credentials:credentials-play-services-auth:1.2.0-rc01] AndroidManifest.xml:29:13-31:104
254                android:name="androidx.credentials.CREDENTIAL_PROVIDER_KEY"
254-->[androidx.credentials:credentials-play-services-auth:1.2.0-rc01] AndroidManifest.xml:30:17-76